Building DAG of jobs...
Using shell: /bin/bash
Provided cores: 3
Rules claiming more threads will be scaled down.
Job counts:
	count	jobs
	1	count_words_abyss
	1	count_words_isles
	1	count_words_last
	1	results
	4

[Wed Dec  5 10:08:03 2018]
rule count_words_abyss:
    input: data/abyss.txt
    output: processed_data/abyss.dat
    jobid: 3


[Wed Dec  5 10:08:03 2018]
rule count_words_isles:
    input: data/isles.txt
    output: processed_data/isles.dat
    jobid: 1


[Wed Dec  5 10:08:03 2018]
rule count_words_last:
    input: data/last.txt
    output: processed_data/last.dat
    jobid: 2

[Wed Dec  5 10:08:03 2018]
Finished job 3.
1 of 4 steps (25%) done
[Wed Dec  5 10:08:03 2018]
Finished job 1.
2 of 4 steps (50%) done
[Wed Dec  5 10:08:03 2018]
Finished job 2.
3 of 4 steps (75%) done

[Wed Dec  5 10:08:03 2018]
rule results:
    input: processed_data/isles.dat, processed_data/abyss.dat, processed_data/last.dat
    output: results/results.txt
    jobid: 0

[Wed Dec  5 10:08:03 2018]
Finished job 0.
4 of 4 steps (100%) done
Complete log: /Users/jacda119/git/coderefinery/word-count/.snakemake/log/2018-12-05T100803.425253.snakemake.log
