Building DAG of jobs...
Using shell: /bin/bash
Provided cores: 1
Rules claiming more threads will be scaled down.
Job counts:
	count	jobs
	1	alldata
	1	count_words_abyss
	2

[Wed Dec  5 09:55:56 2018]
rule count_words_abyss:
    input: data/abyss.txt
    output: processed_data/abyss.dat
    jobid: 1

[Wed Dec  5 09:55:56 2018]
Finished job 1.
1 of 2 steps (50%) done

[Wed Dec  5 09:55:56 2018]
localrule alldata:
    input: processed_data/isles.dat, processed_data/abyss.dat, processed_data/last.dat
    jobid: 0

[Wed Dec  5 09:55:56 2018]
Finished job 0.
2 of 2 steps (100%) done
Complete log: /Users/jacda119/git/coderefinery/word-count/.snakemake/log/2018-12-05T095556.005576.snakemake.log
