Building DAG of jobs...
Using shell: /bin/bash
Provided cores: 1
Rules claiming more threads will be scaled down.
Job counts:
	count	jobs
	1	alldata
	1	count_words_abyss
	1	count_words_isles
	1	count_words_last
	1	results
	5

[Wed Dec  5 10:46:05 2018]
rule count_words_last:
    input: data/last.txt, source/wordcount.py
    output: processed_data/last.dat
    jobid: 2

[Wed Dec  5 10:46:05 2018]
Finished job 2.
1 of 5 steps (20%) done

[Wed Dec  5 10:46:05 2018]
rule count_words_abyss:
    input: data/abyss.txt, source/wordcount.py
    output: processed_data/abyss.dat
    jobid: 3

[Wed Dec  5 10:46:05 2018]
Finished job 3.
2 of 5 steps (40%) done

[Wed Dec  5 10:46:05 2018]
rule count_words_isles:
    input: data/isles.txt, source/wordcount.py
    output: processed_data/isles.dat
    jobid: 4

[Wed Dec  5 10:46:05 2018]
Finished job 4.
3 of 5 steps (60%) done

[Wed Dec  5 10:46:05 2018]
rule results:
    input: source/zipf_test.py, processed_data/isles.dat, processed_data/abyss.dat, processed_data/last.dat
    output: results/results.txt
    jobid: 1

RuleException in line 20 of /Users/jacda119/git/coderefinery/word-count/Snakefile_jd:
'InputFiles' object has no attribute '1:-1'
